STEP to UG
! INFO-     NX STEP AP203 - V1980
! INFO-      
! INFO-     Start of Translation: 20-FEB-2022  9:02:21 AM
! INFO-      
! STATUS-   Converting Part: C:\Users\ebreg\Downloads\6071K11_Clevis Rod End.STEP
! SUMMARY-   
! SUMMARY-    STEP Header Information
! SUMMARY-   
! SUMMARY-  Description      STEP AP203
! SUMMARY-  Imp_Level        1
! SUMMARY-  File_Name        6071K11_Clevis Rod End.STEP
! SUMMARY-  Date             2021-07-11T08:49:56
! SUMMARY-  Author           Administrator
! SUMMARY-  Organization     Managed by Terraform
! SUMMARY-  Pre_Version      SwSTEP 2.0
! SUMMARY-  Orig_System      SolidWorks 2017
! SUMMARY-  Authorization    Unknown
! SUMMARY-  Schema_ID        config_control_design
! SUMMARY-   
! SUMMARY-    Summary of STEP Entities
! SUMMARY-   
! SUMMARY-  Entity Type                                                   Count
! SUMMARY-  -----------                                                   ------
! SUMMARY-  advanced_face ..............................................:    113
! SUMMARY-  application_context ........................................:      2
! SUMMARY-  approval ...................................................:      3
! SUMMARY-  approval_date_time .........................................:      3
! SUMMARY-  approval_person_organization ...............................:      3
! SUMMARY-  approval_role ..............................................:      3
! SUMMARY-  approval_status ............................................:      3
! SUMMARY-  axis2_placement_3d .........................................:    203
! SUMMARY-  b_spline_curve_with_knots ..................................:     21
! SUMMARY-  b_spline_curve_with_knots_and_rational_b_spline_curve ......:     75
! SUMMARY-  b_spline_surface_with_knots_and_rational_b_spline_surface ..:      3
! SUMMARY-  calendar_date ..............................................:      3
! SUMMARY-  cartesian_point ............................................:   3815
! SUMMARY-  circle .....................................................:     92
! SUMMARY-  closed_shell ...............................................:      3
! SUMMARY-  conical_surface ............................................:      6
! SUMMARY-  conversion_based_unit_and_length_unit ......................:      1
! SUMMARY-  coordinated_universal_time_offset ..........................:      3
! SUMMARY-  cylindrical_surface ........................................:     66
! SUMMARY-  date_and_time ..............................................:      3
! SUMMARY-  dimensional_exponents ......................................:      1
! SUMMARY-  direction ..................................................:    506
! SUMMARY-  edge_curve .................................................:    288
! SUMMARY-  edge_loop ..................................................:    123
! SUMMARY-  face_bound .................................................:     10
! SUMMARY-  face_outer_bound ...........................................:    113
! SUMMARY-  geometric_representation_context_and_global_uncertainty_a ..:      1
! SUMMARY-  length_measure_with_unit ...................................:      1
! SUMMARY-  length_unit_and_si_unit ....................................:      1
! SUMMARY-  line .......................................................:    100
! SUMMARY-  local_time .................................................:      3
! SUMMARY-  manifold_solid_brep ........................................:      3
! SUMMARY-  organization ...............................................:      1
! SUMMARY-  oriented_edge ..............................................:    576
! SUMMARY-  person .....................................................:      1
! SUMMARY-  person_and_organization ....................................:      3
! SUMMARY-  plane ......................................................:     24
! SUMMARY-  plane_angle_unit_and_si_unit ...............................:      1
! SUMMARY-  product ....................................................:      1
! SUMMARY-  product_context ............................................:      1
! SUMMARY-  product_definition .........................................:      1
! SUMMARY-  product_definition_context .................................:      1
! SUMMARY-  product_definition_formation_with_specified_source .........:      1
! SUMMARY-  product_definition_shape ...................................:      1
! SUMMARY-  product_related_product_category ...........................:      1
! SUMMARY-  si_unit_and_solid_angle_unit ...............................:      1
! SUMMARY-  toroidal_surface ...........................................:     14
! SUMMARY-  uncertainty_measure_with_unit ..............................:      1
! SUMMARY-  vector .....................................................:    100
! SUMMARY-  vertex_point ...............................................:    183
! SUMMARY-                                                               -------
! SUMMARY-  Total                                                           6486
! STATUS-    
! STATUS-   Converting to Output Form (Phase 2 of 3): 20-FEB-2022 9:02:21 AM
! STATUS-    
! STATUS-    
! STATUS-   Generating UG geometry and placing them in parts
! STATUS-    
! STATUS-   Creating the UG part (Phase 3 of 3): 20-FEB-2022  9:02:23 AM
! INFO-     Filing Part ..: C:\Users\ebreg\Documents\GrabCAD\2021-2022\Aerostructures\Airbrake\Competition\6071K11_Clevis Rod End.prt
! SUMMARY-   
! SUMMARY-  Summary of Unigraphics Part Entities
! SUMMARY-   
! SUMMARY-  Entities Processed             Count
! SUMMARY-  ------------------             -----
! SUMMARY-  Solid .......................:     3
! SUMMARY-                                 -----
! SUMMARY-  Total                              3
! INFO-      
! INFO-     Total number of solids input for this translation       :         3
! INFO-      
! INFO-     Number of solids created without body validation faults :         3
! INFO-      
! INFO-     Number of solids created with body validation fault(s)  :         0
! INFO-      
! INFO-     Number of solids ending up as sheet bodies              :         0
! INFO-      
! INFO-     End of Translation: 20-FEB-2022  9:02:24 AM
! INFO-      
STEP to UG
! INFO-     NX STEP AP203 - V1980
! INFO-      
! INFO-     Start of Translation: 9-FEB-2023  8:26:37 AM
! INFO-      
! STATUS-   Converting Part: C:\Users\ebreg\Downloads\6071K11_Clevis Rod End.STEP
! SUMMARY-   
! SUMMARY-    STEP Header Information
! SUMMARY-   
! SUMMARY-  Description      STEP AP203
! SUMMARY-  Imp_Level        1
! SUMMARY-  File_Name        6071K11_Clevis Rod End.STEP
! SUMMARY-  Date             2021-07-11T08:49:56
! SUMMARY-  Author           Administrator
! SUMMARY-  Organization     Managed by Terraform
! SUMMARY-  Pre_Version      SwSTEP 2.0
! SUMMARY-  Orig_System      SolidWorks 2017
! SUMMARY-  Authorization    Unknown
! SUMMARY-  Schema_ID        config_control_design
! SUMMARY-   
! SUMMARY-    Summary of STEP Entities
! SUMMARY-   
! SUMMARY-  Entity Type                                                   Count
! SUMMARY-  -----------                                                   ------
! SUMMARY-  advanced_face ..............................................:    113
! SUMMARY-  application_context ........................................:      2
! SUMMARY-  approval ...................................................:      3
! SUMMARY-  approval_date_time .........................................:      3
! SUMMARY-  approval_person_organization ...............................:      3
! SUMMARY-  approval_role ..............................................:      3
! SUMMARY-  approval_status ............................................:      3
! SUMMARY-  axis2_placement_3d .........................................:    203
! SUMMARY-  b_spline_curve_with_knots ..................................:     21
! SUMMARY-  b_spline_curve_with_knots_and_rational_b_spline_curve ......:     75
! SUMMARY-  b_spline_surface_with_knots_and_rational_b_spline_surface ..:      3
! SUMMARY-  calendar_date ..............................................:      3
! SUMMARY-  cartesian_point ............................................:   3815
! SUMMARY-  circle .....................................................:     92
! SUMMARY-  closed_shell ...............................................:      3
! SUMMARY-  conical_surface ............................................:      6
! SUMMARY-  conversion_based_unit_and_length_unit ......................:      1
! SUMMARY-  coordinated_universal_time_offset ..........................:      3
! SUMMARY-  cylindrical_surface ........................................:     66
! SUMMARY-  date_and_time ..............................................:      3
! SUMMARY-  dimensional_exponents ......................................:      1
! SUMMARY-  direction ..................................................:    506
! SUMMARY-  edge_curve .................................................:    288
! SUMMARY-  edge_loop ..................................................:    123
! SUMMARY-  face_bound .................................................:     10
! SUMMARY-  face_outer_bound ...........................................:    113
! SUMMARY-  geometric_representation_context_and_global_uncertainty_a ..:      1
! SUMMARY-  length_measure_with_unit ...................................:      1
! SUMMARY-  length_unit_and_si_unit ....................................:      1
! SUMMARY-  line .......................................................:    100
! SUMMARY-  local_time .................................................:      3
! SUMMARY-  manifold_solid_brep ........................................:      3
! SUMMARY-  organization ...............................................:      1
! SUMMARY-  oriented_edge ..............................................:    576
! SUMMARY-  person .....................................................:      1
! SUMMARY-  person_and_organization ....................................:      3
! SUMMARY-  plane ......................................................:     24
! SUMMARY-  plane_angle_unit_and_si_unit ...............................:      1
! SUMMARY-  product ....................................................:      1
! SUMMARY-  product_context ............................................:      1
! SUMMARY-  product_definition .........................................:      1
! SUMMARY-  product_definition_context .................................:      1
! SUMMARY-  product_definition_formation_with_specified_source .........:      1
! SUMMARY-  product_definition_shape ...................................:      1
! SUMMARY-  product_related_product_category ...........................:      1
! SUMMARY-  si_unit_and_solid_angle_unit ...............................:      1
! SUMMARY-  toroidal_surface ...........................................:     14
! SUMMARY-  uncertainty_measure_with_unit ..............................:      1
! SUMMARY-  vector .....................................................:    100
! SUMMARY-  vertex_point ...............................................:    183
! SUMMARY-                                                               -------
! SUMMARY-  Total                                                           6486
! STATUS-    
! STATUS-   Converting to Output Form (Phase 2 of 3): 9-FEB-2023 8:26:37 AM
! STATUS-    
! STATUS-    
! STATUS-   Generating UG geometry and placing them in parts
! STATUS-    
! STATUS-   Creating the UG part (Phase 3 of 3): 9-FEB-2023  8:26:39 AM
! INFO-     Filing Part ..: C:\Users\ebreg\Documents\TerpRockets\TRT23\2023\CAD\TRT2303 - Airbrake\Air brake assembly\6071K11_Clevis Rod End2073.prt
! SUMMARY-   
! SUMMARY-  Summary of Unigraphics Part Entities
! SUMMARY-   
! SUMMARY-  Entities Processed             Count
! SUMMARY-  ------------------             -----
! SUMMARY-  Solid .......................:     3
! SUMMARY-                                 -----
! SUMMARY-  Total                              3
! INFO-      
! INFO-     Total number of solids input for this translation       :         3
! INFO-      
! INFO-     Number of solids created without body validation faults :         3
! INFO-      
! INFO-     Number of solids created with body validation fault(s)  :         0
! INFO-      
! INFO-     Number of solids ending up as sheet bodies              :         0
! INFO-      
! INFO-     End of Translation: 9-FEB-2023  8:26:41 AM
! INFO-      
