STEP to UG
! INFO-     NX STEP AP203 - V1980
! INFO-      
! INFO-     Start of Translation: 21-FEB-2022  7:52:24 AM
! INFO-      
! STATUS-   Converting Part: C:\Users\ebreg\Downloads\Arduino.STEP
! SUMMARY-   
! SUMMARY-    STEP Header Information
! SUMMARY-   
! SUMMARY-  Description      STEP AP203
! SUMMARY-  Imp_Level        1
! SUMMARY-  File_Name        Arduino.STEP
! SUMMARY-  Date             2013-05-15T16:01:22
! SUMMARY-  Author           3M
! SUMMARY-  Organization     3M
! SUMMARY-  Pre_Version      SwSTEP 2.0
! SUMMARY-  Orig_System      SolidWorks 2009
! SUMMARY-  Authorization    Unknown
! SUMMARY-  Schema_ID        config_control_design
! SUMMARY-   
! SUMMARY-    Summary of STEP Entities
! SUMMARY-   
! SUMMARY-  Entity Type                                                   Count
! SUMMARY-  -----------                                                   ------
! SUMMARY-  advanced_face ..............................................:   2276
! SUMMARY-  application_context ........................................:      2
! SUMMARY-  approval ...................................................:      3
! SUMMARY-  approval_date_time .........................................:      3
! SUMMARY-  approval_person_organization ...............................:      3
! SUMMARY-  approval_role ..............................................:      3
! SUMMARY-  approval_status ............................................:      3
! SUMMARY-  axis2_placement_3d .........................................:   2103
! SUMMARY-  b_spline_curve_with_knots ..................................:    846
! SUMMARY-  b_spline_curve_with_knots_and_rational_b_spline_curve ......:      3
! SUMMARY-  b_spline_surface_with_knots ................................:    422
! SUMMARY-  calendar_date ..............................................:      3
! SUMMARY-  cartesian_point ............................................:  52349
! SUMMARY-  circle .....................................................:    248
! SUMMARY-  closed_shell ...............................................:      1
! SUMMARY-  conversion_based_unit_and_length_unit ......................:      1
! SUMMARY-  coordinated_universal_time_offset ..........................:      3
! SUMMARY-  cylindrical_surface ........................................:    121
! SUMMARY-  date_and_time ..............................................:      3
! SUMMARY-  dimensional_exponents ......................................:      1
! SUMMARY-  direction ..................................................:   9068
! SUMMARY-  edge_curve .................................................:   5959
! SUMMARY-  edge_loop ..................................................:   2585
! SUMMARY-  face_bound .................................................:    309
! SUMMARY-  face_outer_bound ...........................................:   2276
! SUMMARY-  geometric_representation_context_and_global_uncertainty_a ..:      1
! SUMMARY-  length_measure_with_unit ...................................:      1
! SUMMARY-  length_unit_and_si_unit ....................................:      1
! SUMMARY-  line .......................................................:   4862
! SUMMARY-  local_time .................................................:      3
! SUMMARY-  manifold_solid_brep ........................................:      1
! SUMMARY-  organization ...............................................:      1
! SUMMARY-  oriented_edge ..............................................:  11918
! SUMMARY-  person .....................................................:      1
! SUMMARY-  person_and_organization ....................................:      3
! SUMMARY-  plane ......................................................:   1707
! SUMMARY-  plane_angle_unit_and_si_unit ...............................:      1
! SUMMARY-  product ....................................................:      1
! SUMMARY-  product_context ............................................:      1
! SUMMARY-  product_definition .........................................:      1
! SUMMARY-  product_definition_context .................................:      1
! SUMMARY-  product_definition_formation_with_specified_source .........:      1
! SUMMARY-  product_definition_shape ...................................:      1
! SUMMARY-  product_related_product_category ...........................:      1
! SUMMARY-  si_unit_and_solid_angle_unit ...............................:      1
! SUMMARY-  spherical_surface ..........................................:     18
! SUMMARY-  toroidal_surface ...........................................:      8
! SUMMARY-  uncertainty_measure_with_unit ..............................:      1
! SUMMARY-  vector .....................................................:   4862
! SUMMARY-  vertex_point ...............................................:   3932
! SUMMARY-                                                               -------
! SUMMARY-  Total                                                         105923
! STATUS-    
! STATUS-   Converting to Output Form (Phase 2 of 3): 21-FEB-2022 7:52:24 AM
! STATUS-    
! STATUS-    
! STATUS-   Generating UG geometry and placing them in parts
! STATUS-    
! STATUS-   Creating the UG part (Phase 3 of 3): 21-FEB-2022  7:52:36 AM
! INFO-     Filing Part ..: C:\Users\ebreg\Documents\GrabCAD\2021-2022\Aerostructures\Airbrake\Competition\Arduino.prt
! SUMMARY-   
! SUMMARY-  Summary of Unigraphics Part Entities
! SUMMARY-   
! SUMMARY-  Entities Processed             Count
! SUMMARY-  ------------------             -----
! SUMMARY-  Solid .......................:     1
! SUMMARY-                                 -----
! SUMMARY-  Total                              1
! INFO-      
! INFO-     Total number of solids input for this translation       :         1
! INFO-      
! INFO-     Number of solids created without body validation faults :         1
! INFO-      
! INFO-     Number of solids created with body validation fault(s)  :         0
! INFO-      
! INFO-     Number of solids ending up as sheet bodies              :         0
! INFO-      
! INFO-     End of Translation: 21-FEB-2022  7:52:38 AM
! INFO-      
