STEP to UG
! INFO-     NX STEP AP203 - V1980
! INFO-      
! INFO-     Start of Translation: 3-MAR-2022  5:45:32 PM
! INFO-      
! STATUS-   Converting Part: C:\Users\ebreg\Downloads\124661811-3-stp-le23-3h06ann\stp-le23-3h06ann.stp
! SUMMARY-   
! SUMMARY-    STEP Header Information
! SUMMARY-   
! SUMMARY-  Description      STEP AP203
! SUMMARY-  Imp_Level        1
! SUMMARY-  File_Name        stp-le23-3h06ann.stp
! SUMMARY-  Date             2022-03-03T22:44:44
! SUMMARY-  Author           TraceParts
! SUMMARY-  Organization     TraceParts S.A.
! SUMMARY-  Pre_Version      Spatial InterOp 3D
! SUMMARY-  Orig_System       
! SUMMARY-  Authorization     
! SUMMARY-  Schema_ID        config_control_design
! SUMMARY-   
! SUMMARY-    Summary of STEP Entities
! SUMMARY-   
! SUMMARY-  Entity Type                                                   Count
! SUMMARY-  -----------                                                   ------
! SUMMARY-  advanced_face ..............................................:    781
! SUMMARY-  application_context ........................................:      1
! SUMMARY-  approval ...................................................:      1
! SUMMARY-  approval_date_time .........................................:      1
! SUMMARY-  approval_person_organization ...............................:      1
! SUMMARY-  approval_role ..............................................:      1
! SUMMARY-  approval_status ............................................:      1
! SUMMARY-  axis2_placement_3d .........................................:   1309
! SUMMARY-  b_spline_curve_with_knots ..................................:    479
! SUMMARY-  b_spline_curve_with_knots_and_rational_b_spline_curve ......:      8
! SUMMARY-  b_spline_surface_with_knots_and_rational_b_spline_surface ..:     12
! SUMMARY-  calendar_date ..............................................:      1
! SUMMARY-  cartesian_point ............................................:  25853
! SUMMARY-  circle .....................................................:    538
! SUMMARY-  closed_shell ...............................................:      2
! SUMMARY-  conical_surface ............................................:    112
! SUMMARY-  conversion_based_unit_and_length_unit ......................:      1
! SUMMARY-  coordinated_universal_time_offset ..........................:      1
! SUMMARY-  cylindrical_surface ........................................:    331
! SUMMARY-  date_and_time ..............................................:      1
! SUMMARY-  dimensional_exponents ......................................:      2
! SUMMARY-  direction ..................................................:   3716
! SUMMARY-  edge_curve .................................................:   2123
! SUMMARY-  edge_loop ..................................................:    851
! SUMMARY-  face_bound .................................................:     70
! SUMMARY-  face_outer_bound ...........................................:    781
! SUMMARY-  geometric_representation_context_and_global_uncertainty_a ..:      1
! SUMMARY-  length_measure_with_unit ...................................:      1
! SUMMARY-  length_unit_and_si_unit ....................................:      1
! SUMMARY-  line .......................................................:   1098
! SUMMARY-  local_time .................................................:      1
! SUMMARY-  manifold_solid_brep ........................................:      2
! SUMMARY-  organization ...............................................:      1
! SUMMARY-  oriented_edge ..............................................:   4246
! SUMMARY-  person .....................................................:      1
! SUMMARY-  person_and_organization ....................................:      1
! SUMMARY-  plane ......................................................:    308
! SUMMARY-  plane_angle_unit_and_si_unit ...............................:      1
! SUMMARY-  product ....................................................:      1
! SUMMARY-  product_category ...........................................:      1
! SUMMARY-  product_category_relationship ..............................:      1
! SUMMARY-  product_context ............................................:      1
! SUMMARY-  product_definition .........................................:      1
! SUMMARY-  product_definition_context .................................:      1
! SUMMARY-  product_definition_formation_with_specified_source .........:      1
! SUMMARY-  product_definition_shape ...................................:      1
! SUMMARY-  product_related_product_category ...........................:      1
! SUMMARY-  si_unit_and_solid_angle_unit ...............................:      1
! SUMMARY-  spherical_surface ..........................................:      8
! SUMMARY-  toroidal_surface ...........................................:     10
! SUMMARY-  uncertainty_measure_with_unit ..............................:      1
! SUMMARY-  vector .....................................................:   1098
! SUMMARY-  vertex_point ...............................................:   1374
! SUMMARY-                                                               -------
! SUMMARY-  Total                                                          45141
! STATUS-    
! STATUS-   Converting to Output Form (Phase 2 of 3): 3-MAR-2022 5:45:32 PM
! STATUS-    
! STATUS-    
! STATUS-   Generating UG geometry and placing them in parts
! STATUS-    
! STATUS-   Creating the UG part (Phase 3 of 3): 3-MAR-2022  5:45:40 PM
! INFO-     Filing Part ..: C:\Users\ebreg\Documents\GrabCAD\2021-2022\Aerostructures\Airbrake\Competition\stp-le23-3h06ann.prt
! SUMMARY-   
! SUMMARY-  Summary of Unigraphics Part Entities
! SUMMARY-   
! SUMMARY-  Entities Processed             Count
! SUMMARY-  ------------------             -----
! SUMMARY-  Reference Set ...............:     2
! SUMMARY-  Solid .......................:     2
! SUMMARY-                                 -----
! SUMMARY-  Total                              4
! INFO-      
! INFO-     Total number of solids input for this translation       :         2
! INFO-      
! INFO-     Number of solids created without body validation faults :         2
! INFO-      
! INFO-     Number of solids created with body validation fault(s)  :         0
! INFO-      
! INFO-     Number of solids ending up as sheet bodies              :         0
! INFO-      
! INFO-     End of Translation: 3-MAR-2022  5:45:41 PM
! INFO-      
