UG to STEP
! INFO-     NX STEP AP203 - V1980
! INFO-      
! INFO-     Start of Translation: 11-FEB-2023  10:45:36 AM
! INFO-      
! STATUS-   Converting Part: C:\Users\ebreg\Documents\TerpRockets\TRT23\2023\CAD\TRT2303 - Airbrake\Air brake assembly\flap horn and hinge.prt
! SUMMARY-   
! SUMMARY-  Summary of Unigraphics Part Entities
! SUMMARY-  For Part: C:\Users\ebreg\Documents\TerpRockets\TRT23\2023\CAD\TRT2303 - Airbrake\Air brake assembly\flap horn and hinge.prt 
! SUMMARY-  Entities Processed             Count
! SUMMARY-  ------------------             -----
! SUMMARY-  Part Attribute ..............:     1
! SUMMARY-  Font ........................:     1
! SUMMARY-  Color Table .................:     2
! SUMMARY-  Coordinate System ...........:     2
! SUMMARY-  Parameter ...................:     1
! SUMMARY-  Matrix ......................:     1
! SUMMARY-  Solid .......................:
! SUMMARY-     Body .....................:     1
! SUMMARY-                                 -----
! SUMMARY-  Total                              9
! STATUS-    
! STATUS-   Converting to Output Form (Phase 2 of 3): 11-FEB-2023 10:45:41 AM
! STATUS-    
! STATUS-    
! STATUS-   Generating UG geometry and placing them in parts
! STATUS-    
! SUMMARY-   
! SUMMARY-    STEP Header Information
! SUMMARY-   
! SUMMARY-  Description      Unknown
! SUMMARY-  Imp_Level        1
! SUMMARY-  File_Name        flap horn and hinge.stp
! SUMMARY-  Date             2023-02-11T10:45:41-05:00
! SUMMARY-  Author           Unknown
! SUMMARY-  Organization     Unknown
! SUMMARY-  Pre_Version      ST-DEVELOPER v18.1
! SUMMARY-  Orig_System      SIEMENS PLM Software NX 1980
! SUMMARY-  Authorization    Unknown
! SUMMARY-  Schema_ID        step_merged_ap_schema
! SUMMARY-   
! SUMMARY-    Summary of STEP Entities
! SUMMARY-   
! SUMMARY-  Entity Type                                                   Count
! SUMMARY-  -----------                                                   ------
! SUMMARY-  advanced_face ..............................................:     48
! SUMMARY-  application_context ........................................:      1
! SUMMARY-  approval ...................................................:      3
! SUMMARY-  approval_date_time .........................................:      3
! SUMMARY-  approval_person_organization ...............................:      3
! SUMMARY-  approval_role ..............................................:      3
! SUMMARY-  approval_status ............................................:      3
! SUMMARY-  axis2_placement_3d .........................................:    109
! SUMMARY-  b_spline_curve_with_knots ..................................:      6
! SUMMARY-  calendar_date ..............................................:      3
! SUMMARY-  cartesian_point ............................................:    290
! SUMMARY-  circle .....................................................:     46
! SUMMARY-  closed_shell ...............................................:      1
! SUMMARY-  conversion_based_unit_and_length_unit ......................:      1
! SUMMARY-  conversion_based_unit_and_plane_angle_unit .................:      1
! SUMMARY-  coordinated_universal_time_offset ..........................:      3
! SUMMARY-  cylindrical_surface ........................................:     23
! SUMMARY-  date_and_time ..............................................:      3
! SUMMARY-  dimensional_exponents ......................................:      2
! SUMMARY-  direction ..................................................:    277
! SUMMARY-  edge_curve .................................................:    125
! SUMMARY-  edge_loop ..................................................:     65
! SUMMARY-  ellipse ....................................................:     14
! SUMMARY-  face_bound .................................................:     32
! SUMMARY-  face_outer_bound ...........................................:     33
! SUMMARY-  geometric_representation_context_and_global_uncertainty_a ..:      1
! SUMMARY-  length_measure_with_unit ...................................:      1
! SUMMARY-  length_unit_and_si_unit ....................................:      1
! SUMMARY-  line .......................................................:     59
! SUMMARY-  local_time .................................................:      3
! SUMMARY-  manifold_solid_brep ........................................:      1
! SUMMARY-  organization ...............................................:      3
! SUMMARY-  oriented_edge ..............................................:    250
! SUMMARY-  person .....................................................:      1
! SUMMARY-  person_and_organization ....................................:      3
! SUMMARY-  plane ......................................................:     25
! SUMMARY-  plane_angle_measure_with_unit ..............................:      1
! SUMMARY-  plane_angle_unit_and_si_unit ...............................:      1
! SUMMARY-  product ....................................................:      1
! SUMMARY-  product_context ............................................:      1
! SUMMARY-  product_definition .........................................:      1
! SUMMARY-  product_definition_context .................................:      1
! SUMMARY-  product_definition_formation_with_specified_source .........:      1
! SUMMARY-  product_definition_shape ...................................:      1
! SUMMARY-  product_related_product_category ...........................:      1
! SUMMARY-  si_unit_and_solid_angle_unit ...............................:      1
! SUMMARY-  uncertainty_measure_with_unit ..............................:      1
! SUMMARY-  vector .....................................................:     59
! SUMMARY-  vertex_point ...............................................:     86
! SUMMARY-                                                               -------
! SUMMARY-  Total                                                           1602
! INFO-      
! INFO-     User interface/default file
! INFO-     Bspline aprx. value in effect for this translation : 6.451600e-01 mm
! INFO-      
! INFO-     Total number of solids input for this translation  :       1
! INFO-      
! INFO-     Number of solids processed without problems        :       1
! INFO-      
! INFO-     Number of solids with problems output as sheets    :       0
! INFO-      
! INFO-     Number of solids not processed                     :       0
! INFO-      
! INFO-     End of Translation: 11-FEB-2023  10:45:42 AM
! INFO-      
UG to STEP
! INFO-     NX STEP AP203 - V1980
! INFO-      
! INFO-     Start of Translation: 11-FEB-2023  10:45:55 AM
! INFO-      
! STATUS-   Converting Part: C:\Users\ebreg\Documents\TerpRockets\TRT23\2023\CAD\TRT2303 - Airbrake\Air brake assembly\flap horn and hinge.prt
! SUMMARY-   
! SUMMARY-  Summary of Unigraphics Part Entities
! SUMMARY-  For Part: C:\Users\ebreg\Documents\TerpRockets\TRT23\2023\CAD\TRT2303 - Airbrake\Air brake assembly\flap horn and hinge.prt 
! SUMMARY-  Entities Processed             Count
! SUMMARY-  ------------------             -----
! SUMMARY-  Part Attribute ..............:     1
! SUMMARY-  Font ........................:     1
! SUMMARY-  Color Table .................:     2
! SUMMARY-  Coordinate System ...........:     2
! SUMMARY-  Parameter ...................:     1
! SUMMARY-  Matrix ......................:     1
! SUMMARY-  Solid .......................:
! SUMMARY-     Body .....................:     1
! SUMMARY-                                 -----
! SUMMARY-  Total                              9
! STATUS-    
! STATUS-   Converting to Output Form (Phase 2 of 3): 11-FEB-2023 10:45:57 AM
! STATUS-    
! STATUS-    
! STATUS-   Generating UG geometry and placing them in parts
! STATUS-    
! SUMMARY-   
! SUMMARY-    STEP Header Information
! SUMMARY-   
! SUMMARY-  Description      Unknown
! SUMMARY-  Imp_Level        1
! SUMMARY-  File_Name        flap horn and hinge.stp
! SUMMARY-  Date             2023-02-11T10:45:57-05:00
! SUMMARY-  Author           Unknown
! SUMMARY-  Organization     Unknown
! SUMMARY-  Pre_Version      ST-DEVELOPER v18.1
! SUMMARY-  Orig_System      SIEMENS PLM Software NX 1980
! SUMMARY-  Authorization    Unknown
! SUMMARY-  Schema_ID        step_merged_ap_schema
! SUMMARY-   
! SUMMARY-    Summary of STEP Entities
! SUMMARY-   
! SUMMARY-  Entity Type                                                   Count
! SUMMARY-  -----------                                                   ------
! SUMMARY-  advanced_face ..............................................:     48
! SUMMARY-  application_context ........................................:      1
! SUMMARY-  approval ...................................................:      3
! SUMMARY-  approval_date_time .........................................:      3
! SUMMARY-  approval_person_organization ...............................:      3
! SUMMARY-  approval_role ..............................................:      3
! SUMMARY-  approval_status ............................................:      3
! SUMMARY-  axis2_placement_3d .........................................:    109
! SUMMARY-  b_spline_curve_with_knots ..................................:      6
! SUMMARY-  calendar_date ..............................................:      3
! SUMMARY-  cartesian_point ............................................:    290
! SUMMARY-  circle .....................................................:     46
! SUMMARY-  closed_shell ...............................................:      1
! SUMMARY-  conversion_based_unit_and_length_unit ......................:      1
! SUMMARY-  conversion_based_unit_and_plane_angle_unit .................:      1
! SUMMARY-  coordinated_universal_time_offset ..........................:      3
! SUMMARY-  cylindrical_surface ........................................:     23
! SUMMARY-  date_and_time ..............................................:      3
! SUMMARY-  dimensional_exponents ......................................:      2
! SUMMARY-  direction ..................................................:    277
! SUMMARY-  edge_curve .................................................:    125
! SUMMARY-  edge_loop ..................................................:     65
! SUMMARY-  ellipse ....................................................:     14
! SUMMARY-  face_bound .................................................:     32
! SUMMARY-  face_outer_bound ...........................................:     33
! SUMMARY-  geometric_representation_context_and_global_uncertainty_a ..:      1
! SUMMARY-  length_measure_with_unit ...................................:      1
! SUMMARY-  length_unit_and_si_unit ....................................:      1
! SUMMARY-  line .......................................................:     59
! SUMMARY-  local_time .................................................:      3
! SUMMARY-  manifold_solid_brep ........................................:      1
! SUMMARY-  organization ...............................................:      3
! SUMMARY-  oriented_edge ..............................................:    250
! SUMMARY-  person .....................................................:      1
! SUMMARY-  person_and_organization ....................................:      3
! SUMMARY-  plane ......................................................:     25
! SUMMARY-  plane_angle_measure_with_unit ..............................:      1
! SUMMARY-  plane_angle_unit_and_si_unit ...............................:      1
! SUMMARY-  product ....................................................:      1
! SUMMARY-  product_context ............................................:      1
! SUMMARY-  product_definition .........................................:      1
! SUMMARY-  product_definition_context .................................:      1
! SUMMARY-  product_definition_formation_with_specified_source .........:      1
! SUMMARY-  product_definition_shape ...................................:      1
! SUMMARY-  product_related_product_category ...........................:      1
! SUMMARY-  si_unit_and_solid_angle_unit ...............................:      1
! SUMMARY-  uncertainty_measure_with_unit ..............................:      1
! SUMMARY-  vector .....................................................:     59
! SUMMARY-  vertex_point ...............................................:     86
! SUMMARY-                                                               -------
! SUMMARY-  Total                                                           1602
! INFO-      
! INFO-     User interface/default file
! INFO-     Bspline aprx. value in effect for this translation : 6.451600e-01 mm
! INFO-      
! INFO-     Total number of solids input for this translation  :       1
! INFO-      
! INFO-     Number of solids processed without problems        :       1
! INFO-      
! INFO-     Number of solids with problems output as sheets    :       0
! INFO-      
! INFO-     Number of solids not processed                     :       0
! INFO-      
! INFO-     End of Translation: 11-FEB-2023  10:45:57 AM
! INFO-      
UG to STEP
! INFO-     NX STEP AP203 - V1980
! INFO-      
! INFO-     Start of Translation: 11-FEB-2023  12:51:21 PM
! INFO-      
! STATUS-   Converting Part: C:\Users\ebreg\Documents\TerpRockets\TRT23\2023\CAD\TRT2303 - Airbrake\Air brake assembly\flap horn and hinge.prt
! SUMMARY-   
! SUMMARY-  Summary of Unigraphics Part Entities
! SUMMARY-  For Part: C:\Users\ebreg\Documents\TerpRockets\TRT23\2023\CAD\TRT2303 - Airbrake\Air brake assembly\flap horn and hinge.prt 
! SUMMARY-  Entities Processed             Count
! SUMMARY-  ------------------             -----
! SUMMARY-  Part Attribute ..............:     1
! SUMMARY-  Font ........................:     1
! SUMMARY-  Color Table .................:     2
! SUMMARY-  Coordinate System ...........:     2
! SUMMARY-  Parameter ...................:     1
! SUMMARY-  Matrix ......................:     1
! SUMMARY-  Solid .......................:
! SUMMARY-     Body .....................:     1
! SUMMARY-                                 -----
! SUMMARY-  Total                              9
! STATUS-    
! STATUS-   Converting to Output Form (Phase 2 of 3): 11-FEB-2023 12:51:23 PM
! STATUS-    
! STATUS-    
! STATUS-   Generating UG geometry and placing them in parts
! STATUS-    
! SUMMARY-   
! SUMMARY-    STEP Header Information
! SUMMARY-   
! SUMMARY-  Description      Unknown
! SUMMARY-  Imp_Level        1
! SUMMARY-  File_Name        flap horn and hinge.stp
! SUMMARY-  Date             2023-02-11T12:51:23-05:00
! SUMMARY-  Author           Unknown
! SUMMARY-  Organization     Unknown
! SUMMARY-  Pre_Version      ST-DEVELOPER v18.1
! SUMMARY-  Orig_System      SIEMENS PLM Software NX 1980
! SUMMARY-  Authorization    Unknown
! SUMMARY-  Schema_ID        step_merged_ap_schema
! SUMMARY-   
! SUMMARY-    Summary of STEP Entities
! SUMMARY-   
! SUMMARY-  Entity Type                                                   Count
! SUMMARY-  -----------                                                   ------
! SUMMARY-  advanced_face ..............................................:     61
! SUMMARY-  application_context ........................................:      1
! SUMMARY-  approval ...................................................:      3
! SUMMARY-  approval_date_time .........................................:      3
! SUMMARY-  approval_person_organization ...............................:      3
! SUMMARY-  approval_role ..............................................:      3
! SUMMARY-  approval_status ............................................:      3
! SUMMARY-  axis2_placement_3d .........................................:    138
! SUMMARY-  b_spline_curve_with_knots ..................................:      8
! SUMMARY-  calendar_date ..............................................:      3
! SUMMARY-  cartesian_point ............................................:    377
! SUMMARY-  circle .....................................................:     58
! SUMMARY-  closed_shell ...............................................:      1
! SUMMARY-  conversion_based_unit_and_length_unit ......................:      1
! SUMMARY-  conversion_based_unit_and_plane_angle_unit .................:      1
! SUMMARY-  coordinated_universal_time_offset ..........................:      3
! SUMMARY-  cylindrical_surface ........................................:     30
! SUMMARY-  date_and_time ..............................................:      3
! SUMMARY-  dimensional_exponents ......................................:      2
! SUMMARY-  direction ..................................................:    356
! SUMMARY-  edge_curve .................................................:    164
! SUMMARY-  edge_loop ..................................................:     78
! SUMMARY-  ellipse ....................................................:     18
! SUMMARY-  face_bound .................................................:     32
! SUMMARY-  face_outer_bound ...........................................:     46
! SUMMARY-  geometric_representation_context_and_global_uncertainty_a ..:      1
! SUMMARY-  length_measure_with_unit ...................................:      1
! SUMMARY-  length_unit_and_si_unit ....................................:      1
! SUMMARY-  line .......................................................:     80
! SUMMARY-  local_time .................................................:      3
! SUMMARY-  manifold_solid_brep ........................................:      1
! SUMMARY-  organization ...............................................:      3
! SUMMARY-  oriented_edge ..............................................:    328
! SUMMARY-  person .....................................................:      1
! SUMMARY-  person_and_organization ....................................:      3
! SUMMARY-  plane ......................................................:     31
! SUMMARY-  plane_angle_measure_with_unit ..............................:      1
! SUMMARY-  plane_angle_unit_and_si_unit ...............................:      1
! SUMMARY-  product ....................................................:      1
! SUMMARY-  product_context ............................................:      1
! SUMMARY-  product_definition .........................................:      1
! SUMMARY-  product_definition_context .................................:      1
! SUMMARY-  product_definition_formation_with_specified_source .........:      1
! SUMMARY-  product_definition_shape ...................................:      1
! SUMMARY-  product_related_product_category ...........................:      1
! SUMMARY-  si_unit_and_solid_angle_unit ...............................:      1
! SUMMARY-  uncertainty_measure_with_unit ..............................:      1
! SUMMARY-  vector .....................................................:     80
! SUMMARY-  vertex_point ...............................................:    112
! SUMMARY-                                                               -------
! SUMMARY-  Total                                                           2052
! INFO-      
! INFO-     User interface/default file
! INFO-     Bspline aprx. value in effect for this translation : 6.451600e-01 mm
! INFO-      
! INFO-     Total number of solids input for this translation  :       1
! INFO-      
! INFO-     Number of solids processed without problems        :       1
! INFO-      
! INFO-     Number of solids with problems output as sheets    :       0
! INFO-      
! INFO-     Number of solids not processed                     :       0
! INFO-      
! INFO-     End of Translation: 11-FEB-2023  12:51:23 PM
! INFO-      
UG to STEP
! INFO-     NX STEP AP203 - V1980
! INFO-      
! INFO-     Start of Translation: 11-FEB-2023  1:16:51 PM
! INFO-      
! STATUS-   Converting Part: C:\Users\ebreg\Documents\TerpRockets\TRT23\2023\CAD\TRT2303 - Airbrake\Air brake assembly\flap horn and hinge.prt
! SUMMARY-   
! SUMMARY-  Summary of Unigraphics Part Entities
! SUMMARY-  For Part: C:\Users\ebreg\Documents\TerpRockets\TRT23\2023\CAD\TRT2303 - Airbrake\Air brake assembly\flap horn and hinge.prt 
! SUMMARY-  Entities Processed             Count
! SUMMARY-  ------------------             -----
! SUMMARY-  Part Attribute ..............:     1
! SUMMARY-  Font ........................:     1
! SUMMARY-  Color Table .................:     2
! SUMMARY-  Coordinate System ...........:     2
! SUMMARY-  Parameter ...................:     1
! SUMMARY-  Matrix ......................:     1
! SUMMARY-  Component ...................:     1
! SUMMARY-  Solid .......................:
! SUMMARY-     Body .....................:     1
! SUMMARY-                                 -----
! SUMMARY-  Total                             10
! SUMMARY-   
! SUMMARY-  Summary of Unigraphics Part Entities
! SUMMARY-  For Part: Medium-Strength Steel Hex Nut p25 in.prt 
! SUMMARY-  Entities Processed             Count
! SUMMARY-  ------------------             -----
! SUMMARY-  Part Attribute ..............:     1
! SUMMARY-  Font ........................:     1
! SUMMARY-  Color Table .................:     2
! SUMMARY-  Coordinate System ...........:     1
! SUMMARY-  Parameter ...................:     1
! SUMMARY-  Matrix ......................:     1
! SUMMARY-  Reference Set ...............:     1
! SUMMARY-  Solid .......................:
! SUMMARY-     Body .....................:     1
! SUMMARY-                                 -----
! SUMMARY-  Total                              9
! STATUS-    
! STATUS-   Converting to Output Form (Phase 2 of 3): 11-FEB-2023 1:16:52 PM
! STATUS-    
! STATUS-    
! STATUS-   Generating UG geometry and placing them in parts
! STATUS-    
! SUMMARY-   
! SUMMARY-    STEP Header Information
! SUMMARY-   
! SUMMARY-  Description      Unknown
! SUMMARY-  Imp_Level        1
! SUMMARY-  File_Name        flap horn and hinge.stp
! SUMMARY-  Date             2023-02-11T13:16:52-05:00
! SUMMARY-  Author           Unknown
! SUMMARY-  Organization     Unknown
! SUMMARY-  Pre_Version      ST-DEVELOPER v18.1
! SUMMARY-  Orig_System      SIEMENS PLM Software NX 1980
! SUMMARY-  Authorization    Unknown
! SUMMARY-  Schema_ID        step_merged_ap_schema
! SUMMARY-   
! SUMMARY-    Summary of STEP Entities
! SUMMARY-   
! SUMMARY-  Entity Type                                                   Count
! SUMMARY-  -----------                                                   ------
! SUMMARY-  advanced_face ..............................................:    102
! SUMMARY-  application_context ........................................:      1
! SUMMARY-  approval ...................................................:      7
! SUMMARY-  approval_date_time .........................................:      7
! SUMMARY-  approval_person_organization ...............................:      7
! SUMMARY-  approval_role ..............................................:      7
! SUMMARY-  approval_status ............................................:      7
! SUMMARY-  axis2_placement_3d .........................................:    204
! SUMMARY-  b_spline_curve_with_knots ..................................:     43
! SUMMARY-  b_spline_curve_with_knots_and_rational_b_spline_curve ......:     20
! SUMMARY-  b_spline_surface_with_knots ................................:      1
! SUMMARY-  b_spline_surface_with_knots_and_rational_b_spline_surface ..:      1
! SUMMARY-  calendar_date ..............................................:      7
! SUMMARY-  cartesian_point ............................................:   1569
! SUMMARY-  circle .....................................................:     86
! SUMMARY-  closed_shell ...............................................:      2
! SUMMARY-  conical_surface ............................................:     18
! SUMMARY-  context_dependent_shape_representation .....................:      1
! SUMMARY-  conversion_based_unit_and_length_unit ......................:      1
! SUMMARY-  conversion_based_unit_and_plane_angle_unit .................:      1
! SUMMARY-  coordinated_universal_time_offset ..........................:      7
! SUMMARY-  cylindrical_surface ........................................:     44
! SUMMARY-  date_and_time ..............................................:      7
! SUMMARY-  dimensional_exponents ......................................:      2
! SUMMARY-  direction ..................................................:    507
! SUMMARY-  edge_curve .................................................:    264
! SUMMARY-  edge_loop ..................................................:    121
! SUMMARY-  ellipse ....................................................:     16
! SUMMARY-  face_bound .................................................:     36
! SUMMARY-  face_outer_bound ...........................................:     85
! SUMMARY-  geometric_representation_context_and_global_uncertainty_a ..:      2
! SUMMARY-  item_defined_transformation ................................:      1
! SUMMARY-  length_measure_with_unit ...................................:      1
! SUMMARY-  length_unit_and_si_unit ....................................:      1
! SUMMARY-  line .......................................................:     99
! SUMMARY-  local_time .................................................:      7
! SUMMARY-  manifold_solid_brep ........................................:      2
! SUMMARY-  next_assembly_usage_occurrence .............................:      1
! SUMMARY-  organization ...............................................:      7
! SUMMARY-  oriented_edge ..............................................:    528
! SUMMARY-  person .....................................................:      1
! SUMMARY-  person_and_organization ....................................:      7
! SUMMARY-  plane ......................................................:     38
! SUMMARY-  plane_angle_measure_with_unit ..............................:      1
! SUMMARY-  plane_angle_unit_and_si_unit ...............................:      1
! SUMMARY-  product ....................................................:      2
! SUMMARY-  product_context ............................................:      2
! SUMMARY-  product_definition .........................................:      2
! SUMMARY-  product_definition_context .................................:      2
! SUMMARY-  product_definition_formation_with_specified_source .........:      2
! SUMMARY-  product_definition_shape ...................................:      3
! SUMMARY-  product_related_product_category ...........................:      2
! SUMMARY-  representation_relationship_with_transformation_and_shape ..:      1
! SUMMARY-  shape_representation .......................................:      2
! SUMMARY-  si_unit_and_solid_angle_unit ...............................:      1
! SUMMARY-  uncertainty_measure_with_unit ..............................:      2
! SUMMARY-  vector .....................................................:     99
! SUMMARY-  vertex_point ...............................................:    173
! SUMMARY-                                                               -------
! SUMMARY-  Total                                                           4171
! INFO-      
! INFO-     User interface/default file
! INFO-     Bspline aprx. value in effect for this translation : 6.451600e-01 mm
! INFO-      
! INFO-     Total number of solids input for this translation  :       2
! INFO-      
! INFO-     Number of solids processed without problems        :       2
! INFO-      
! INFO-     Number of solids with problems output as sheets    :       0
! INFO-      
! INFO-     Number of solids not processed                     :       0
! INFO-      
! INFO-     End of Translation: 11-FEB-2023  1:16:52 PM
! INFO-      
UG to STEP
! INFO-     NX STEP AP203 - V1980
! INFO-      
! INFO-     Start of Translation: 11-FEB-2023  1:23:53 PM
! INFO-      
! STATUS-   Converting Part: C:\Users\ebreg\Documents\TerpRockets\TRT23\2023\CAD\TRT2303 - Airbrake\Air brake assembly\flap horn and hinge.prt
! SUMMARY-   
! SUMMARY-  Summary of Unigraphics Part Entities
! SUMMARY-  For Part: C:\Users\ebreg\Documents\TerpRockets\TRT23\2023\CAD\TRT2303 - Airbrake\Air brake assembly\flap horn and hinge.prt 
! SUMMARY-  Entities Processed             Count
! SUMMARY-  ------------------             -----
! SUMMARY-  Part Attribute ..............:     1
! SUMMARY-  Font ........................:     1
! SUMMARY-  Color Table .................:     2
! SUMMARY-  Coordinate System ...........:     2
! SUMMARY-  Parameter ...................:     1
! SUMMARY-  Matrix ......................:     1
! SUMMARY-  Component ...................:     1
! SUMMARY-  Solid .......................:
! SUMMARY-     Body .....................:     1
! SUMMARY-                                 -----
! SUMMARY-  Total                             10
! SUMMARY-   
! SUMMARY-  Summary of Unigraphics Part Entities
! SUMMARY-  For Part: Medium-Strength Steel Hex Nut p25 in.prt 
! SUMMARY-  Entities Processed             Count
! SUMMARY-  ------------------             -----
! SUMMARY-  Part Attribute ..............:     1
! SUMMARY-  Font ........................:     1
! SUMMARY-  Color Table .................:     2
! SUMMARY-  Coordinate System ...........:     1
! SUMMARY-  Parameter ...................:     1
! SUMMARY-  Matrix ......................:     1
! SUMMARY-  Reference Set ...............:     1
! SUMMARY-  Solid .......................:
! SUMMARY-     Body .....................:     1
! SUMMARY-                                 -----
! SUMMARY-  Total                              9
! STATUS-    
! STATUS-   Converting to Output Form (Phase 2 of 3): 11-FEB-2023 1:23:54 PM
! STATUS-    
! STATUS-    
! STATUS-   Generating UG geometry and placing them in parts
! STATUS-    
! SUMMARY-   
! SUMMARY-    STEP Header Information
! SUMMARY-   
! SUMMARY-  Description      Unknown
! SUMMARY-  Imp_Level        1
! SUMMARY-  File_Name        flap horn and hinge.stp
! SUMMARY-  Date             2023-02-11T13:23:54-05:00
! SUMMARY-  Author           Unknown
! SUMMARY-  Organization     Unknown
! SUMMARY-  Pre_Version      ST-DEVELOPER v18.1
! SUMMARY-  Orig_System      SIEMENS PLM Software NX 1980
! SUMMARY-  Authorization    Unknown
! SUMMARY-  Schema_ID        step_merged_ap_schema
! SUMMARY-   
! SUMMARY-    Summary of STEP Entities
! SUMMARY-   
! SUMMARY-  Entity Type                                                   Count
! SUMMARY-  -----------                                                   ------
! SUMMARY-  advanced_face ..............................................:    102
! SUMMARY-  application_context ........................................:      1
! SUMMARY-  approval ...................................................:      7
! SUMMARY-  approval_date_time .........................................:      7
! SUMMARY-  approval_person_organization ...............................:      7
! SUMMARY-  approval_role ..............................................:      7
! SUMMARY-  approval_status ............................................:      7
! SUMMARY-  axis2_placement_3d .........................................:    204
! SUMMARY-  b_spline_curve_with_knots ..................................:     43
! SUMMARY-  b_spline_curve_with_knots_and_rational_b_spline_curve ......:     20
! SUMMARY-  b_spline_surface_with_knots ................................:      1
! SUMMARY-  b_spline_surface_with_knots_and_rational_b_spline_surface ..:      1
! SUMMARY-  calendar_date ..............................................:      7
! SUMMARY-  cartesian_point ............................................:   1569
! SUMMARY-  circle .....................................................:     86
! SUMMARY-  closed_shell ...............................................:      2
! SUMMARY-  conical_surface ............................................:     18
! SUMMARY-  context_dependent_shape_representation .....................:      1
! SUMMARY-  conversion_based_unit_and_length_unit ......................:      1
! SUMMARY-  conversion_based_unit_and_plane_angle_unit .................:      1
! SUMMARY-  coordinated_universal_time_offset ..........................:      7
! SUMMARY-  cylindrical_surface ........................................:     44
! SUMMARY-  date_and_time ..............................................:      7
! SUMMARY-  dimensional_exponents ......................................:      2
! SUMMARY-  direction ..................................................:    507
! SUMMARY-  edge_curve .................................................:    264
! SUMMARY-  edge_loop ..................................................:    121
! SUMMARY-  ellipse ....................................................:     16
! SUMMARY-  face_bound .................................................:     36
! SUMMARY-  face_outer_bound ...........................................:     85
! SUMMARY-  geometric_representation_context_and_global_uncertainty_a ..:      2
! SUMMARY-  item_defined_transformation ................................:      1
! SUMMARY-  length_measure_with_unit ...................................:      1
! SUMMARY-  length_unit_and_si_unit ....................................:      1
! SUMMARY-  line .......................................................:     99
! SUMMARY-  local_time .................................................:      7
! SUMMARY-  manifold_solid_brep ........................................:      2
! SUMMARY-  next_assembly_usage_occurrence .............................:      1
! SUMMARY-  organization ...............................................:      7
! SUMMARY-  oriented_edge ..............................................:    528
! SUMMARY-  person .....................................................:      1
! SUMMARY-  person_and_organization ....................................:      7
! SUMMARY-  plane ......................................................:     38
! SUMMARY-  plane_angle_measure_with_unit ..............................:      1
! SUMMARY-  plane_angle_unit_and_si_unit ...............................:      1
! SUMMARY-  product ....................................................:      2
! SUMMARY-  product_context ............................................:      2
! SUMMARY-  product_definition .........................................:      2
! SUMMARY-  product_definition_context .................................:      2
! SUMMARY-  product_definition_formation_with_specified_source .........:      2
! SUMMARY-  product_definition_shape ...................................:      3
! SUMMARY-  product_related_product_category ...........................:      2
! SUMMARY-  representation_relationship_with_transformation_and_shape ..:      1
! SUMMARY-  shape_representation .......................................:      2
! SUMMARY-  si_unit_and_solid_angle_unit ...............................:      1
! SUMMARY-  uncertainty_measure_with_unit ..............................:      2
! SUMMARY-  vector .....................................................:     99
! SUMMARY-  vertex_point ...............................................:    173
! SUMMARY-                                                               -------
! SUMMARY-  Total                                                           4171
! INFO-      
! INFO-     User interface/default file
! INFO-     Bspline aprx. value in effect for this translation : 6.451600e-01 mm
! INFO-      
! INFO-     Total number of solids input for this translation  :       2
! INFO-      
! INFO-     Number of solids processed without problems        :       2
! INFO-      
! INFO-     Number of solids with problems output as sheets    :       0
! INFO-      
! INFO-     Number of solids not processed                     :       0
! INFO-      
! INFO-     End of Translation: 11-FEB-2023  1:23:54 PM
! INFO-      
UG to STEP
! INFO-     NX STEP AP203 - V1980
! INFO-      
! INFO-     Start of Translation: 11-FEB-2023  1:24:59 PM
! INFO-      
! STATUS-   Converting Part: C:\Users\ebreg\Documents\TerpRockets\TRT23\2023\CAD\TRT2303 - Airbrake\Air brake assembly\flap horn and hinge.prt
! SUMMARY-   
! SUMMARY-  Summary of Unigraphics Part Entities
! SUMMARY-  For Part: C:\Users\ebreg\Documents\TerpRockets\TRT23\2023\CAD\TRT2303 - Airbrake\Air brake assembly\flap horn and hinge.prt 
! SUMMARY-  Entities Processed             Count
! SUMMARY-  ------------------             -----
! SUMMARY-  Part Attribute ..............:     1
! SUMMARY-  Font ........................:     1
! SUMMARY-  Color Table .................:     2
! SUMMARY-  Coordinate System ...........:     2
! SUMMARY-  Parameter ...................:     1
! SUMMARY-  Matrix ......................:     1
! SUMMARY-  Solid .......................:
! SUMMARY-     Body .....................:     1
! SUMMARY-                                 -----
! SUMMARY-  Total                              9
! STATUS-    
! STATUS-   Converting to Output Form (Phase 2 of 3): 11-FEB-2023 1:25:00 PM
! STATUS-    
! STATUS-    
! STATUS-   Generating UG geometry and placing them in parts
! STATUS-    
! SUMMARY-   
! SUMMARY-    STEP Header Information
! SUMMARY-   
! SUMMARY-  Description      Unknown
! SUMMARY-  Imp_Level        1
! SUMMARY-  File_Name        flap horn and hinge.stp
! SUMMARY-  Date             2023-02-11T13:25:00-05:00
! SUMMARY-  Author           Unknown
! SUMMARY-  Organization     Unknown
! SUMMARY-  Pre_Version      ST-DEVELOPER v18.1
! SUMMARY-  Orig_System      SIEMENS PLM Software NX 1980
! SUMMARY-  Authorization    Unknown
! SUMMARY-  Schema_ID        step_merged_ap_schema
! SUMMARY-   
! SUMMARY-    Summary of STEP Entities
! SUMMARY-   
! SUMMARY-  Entity Type                                                   Count
! SUMMARY-  -----------                                                   ------
! SUMMARY-  advanced_face ..............................................:     63
! SUMMARY-  application_context ........................................:      1
! SUMMARY-  approval ...................................................:      3
! SUMMARY-  approval_date_time .........................................:      3
! SUMMARY-  approval_person_organization ...............................:      3
! SUMMARY-  approval_role ..............................................:      3
! SUMMARY-  approval_status ............................................:      3
! SUMMARY-  axis2_placement_3d .........................................:    144
! SUMMARY-  b_spline_curve_with_knots ..................................:     10
! SUMMARY-  calendar_date ..............................................:      3
! SUMMARY-  cartesian_point ............................................:    419
! SUMMARY-  circle .....................................................:     64
! SUMMARY-  closed_shell ...............................................:      1
! SUMMARY-  conversion_based_unit_and_length_unit ......................:      1
! SUMMARY-  conversion_based_unit_and_plane_angle_unit .................:      1
! SUMMARY-  coordinated_universal_time_offset ..........................:      3
! SUMMARY-  cylindrical_surface ........................................:     33
! SUMMARY-  date_and_time ..............................................:      3
! SUMMARY-  dimensional_exponents ......................................:      2
! SUMMARY-  direction ..................................................:    368
! SUMMARY-  edge_curve .................................................:    170
! SUMMARY-  edge_loop ..................................................:     80
! SUMMARY-  ellipse ....................................................:     16
! SUMMARY-  face_bound .................................................:     32
! SUMMARY-  face_outer_bound ...........................................:     48
! SUMMARY-  geometric_representation_context_and_global_uncertainty_a ..:      1
! SUMMARY-  length_measure_with_unit ...................................:      1
! SUMMARY-  length_unit_and_si_unit ....................................:      1
! SUMMARY-  line .......................................................:     80
! SUMMARY-  local_time .................................................:      3
! SUMMARY-  manifold_solid_brep ........................................:      1
! SUMMARY-  organization ...............................................:      3
! SUMMARY-  oriented_edge ..............................................:    340
! SUMMARY-  person .....................................................:      1
! SUMMARY-  person_and_organization ....................................:      3
! SUMMARY-  plane ......................................................:     30
! SUMMARY-  plane_angle_measure_with_unit ..............................:      1
! SUMMARY-  plane_angle_unit_and_si_unit ...............................:      1
! SUMMARY-  product ....................................................:      1
! SUMMARY-  product_context ............................................:      1
! SUMMARY-  product_definition .........................................:      1
! SUMMARY-  product_definition_context .................................:      1
! SUMMARY-  product_definition_formation_with_specified_source .........:      1
! SUMMARY-  product_definition_shape ...................................:      1
! SUMMARY-  product_related_product_category ...........................:      1
! SUMMARY-  si_unit_and_solid_angle_unit ...............................:      1
! SUMMARY-  uncertainty_measure_with_unit ..............................:      1
! SUMMARY-  vector .....................................................:     80
! SUMMARY-  vertex_point ...............................................:    116
! SUMMARY-                                                               -------
! SUMMARY-  Total                                                           2148
! INFO-      
! INFO-     User interface/default file
! INFO-     Bspline aprx. value in effect for this translation : 6.451600e-01 mm
! INFO-      
! INFO-     Total number of solids input for this translation  :       1
! INFO-      
! INFO-     Number of solids processed without problems        :       1
! INFO-      
! INFO-     Number of solids with problems output as sheets    :       0
! INFO-      
! INFO-     Number of solids not processed                     :       0
! INFO-      
! INFO-     End of Translation: 11-FEB-2023  1:25:00 PM
! INFO-      
UG to STEP
! INFO-     NX STEP AP203 - V1980
! INFO-      
! INFO-     Start of Translation: 11-FEB-2023  1:30:30 PM
! INFO-      
! STATUS-   Converting Part: C:\Users\ebreg\Documents\TerpRockets\TRT23\2023\CAD\TRT2303 - Airbrake\Air brake assembly\flap horn and hinge.prt
! SUMMARY-   
! SUMMARY-  Summary of Unigraphics Part Entities
! SUMMARY-  For Part: C:\Users\ebreg\Documents\TerpRockets\TRT23\2023\CAD\TRT2303 - Airbrake\Air brake assembly\flap horn and hinge.prt 
! SUMMARY-  Entities Processed             Count
! SUMMARY-  ------------------             -----
! SUMMARY-  Part Attribute ..............:     1
! SUMMARY-  Font ........................:     1
! SUMMARY-  Color Table .................:     2
! SUMMARY-  Coordinate System ...........:     2
! SUMMARY-  Parameter ...................:     1
! SUMMARY-  Matrix ......................:     1
! SUMMARY-  Solid .......................:
! SUMMARY-     Body .....................:     1
! SUMMARY-                                 -----
! SUMMARY-  Total                              9
! STATUS-    
! STATUS-   Converting to Output Form (Phase 2 of 3): 11-FEB-2023 1:30:31 PM
! STATUS-    
! STATUS-    
! STATUS-   Generating UG geometry and placing them in parts
! STATUS-    
! SUMMARY-   
! SUMMARY-    STEP Header Information
! SUMMARY-   
! SUMMARY-  Description      Unknown
! SUMMARY-  Imp_Level        1
! SUMMARY-  File_Name        flap horn and hinge.stp
! SUMMARY-  Date             2023-02-11T13:30:31-05:00
! SUMMARY-  Author           Unknown
! SUMMARY-  Organization     Unknown
! SUMMARY-  Pre_Version      ST-DEVELOPER v18.1
! SUMMARY-  Orig_System      SIEMENS PLM Software NX 1980
! SUMMARY-  Authorization    Unknown
! SUMMARY-  Schema_ID        step_merged_ap_schema
! SUMMARY-   
! SUMMARY-    Summary of STEP Entities
! SUMMARY-   
! SUMMARY-  Entity Type                                                   Count
! SUMMARY-  -----------                                                   ------
! SUMMARY-  advanced_face ..............................................:     58
! SUMMARY-  application_context ........................................:      1
! SUMMARY-  approval ...................................................:      3
! SUMMARY-  approval_date_time .........................................:      3
! SUMMARY-  approval_person_organization ...............................:      3
! SUMMARY-  approval_role ..............................................:      3
! SUMMARY-  approval_status ............................................:      3
! SUMMARY-  axis2_placement_3d .........................................:    131
! SUMMARY-  b_spline_curve_with_knots ..................................:     10
! SUMMARY-  b_spline_surface_with_knots_and_rational_b_spline_surface ..:      2
! SUMMARY-  calendar_date ..............................................:      3
! SUMMARY-  cartesian_point ............................................:    458
! SUMMARY-  circle .....................................................:     60
! SUMMARY-  closed_shell ...............................................:      1
! SUMMARY-  conversion_based_unit_and_length_unit ......................:      1
! SUMMARY-  conversion_based_unit_and_plane_angle_unit .................:      1
! SUMMARY-  coordinated_universal_time_offset ..........................:      3
! SUMMARY-  cylindrical_surface ........................................:     31
! SUMMARY-  date_and_time ..............................................:      3
! SUMMARY-  dimensional_exponents ......................................:      2
! SUMMARY-  direction ..................................................:    337
! SUMMARY-  edge_curve .................................................:    159
! SUMMARY-  edge_loop ..................................................:     73
! SUMMARY-  ellipse ....................................................:     14
! SUMMARY-  face_bound .................................................:     28
! SUMMARY-  face_outer_bound ...........................................:     45
! SUMMARY-  geometric_representation_context_and_global_uncertainty_a ..:      1
! SUMMARY-  length_measure_with_unit ...................................:      1
! SUMMARY-  length_unit_and_si_unit ....................................:      1
! SUMMARY-  line .......................................................:     75
! SUMMARY-  local_time .................................................:      3
! SUMMARY-  manifold_solid_brep ........................................:      1
! SUMMARY-  organization ...............................................:      3
! SUMMARY-  oriented_edge ..............................................:    318
! SUMMARY-  person .....................................................:      1
! SUMMARY-  person_and_organization ....................................:      3
! SUMMARY-  plane ......................................................:     25
! SUMMARY-  plane_angle_measure_with_unit ..............................:      1
! SUMMARY-  plane_angle_unit_and_si_unit ...............................:      1
! SUMMARY-  product ....................................................:      1
! SUMMARY-  product_context ............................................:      1
! SUMMARY-  product_definition .........................................:      1
! SUMMARY-  product_definition_context .................................:      1
! SUMMARY-  product_definition_formation_with_specified_source .........:      1
! SUMMARY-  product_definition_shape ...................................:      1
! SUMMARY-  product_related_product_category ...........................:      1
! SUMMARY-  si_unit_and_solid_angle_unit ...............................:      1
! SUMMARY-  uncertainty_measure_with_unit ..............................:      1
! SUMMARY-  vector .....................................................:     75
! SUMMARY-  vertex_point ...............................................:    108
! SUMMARY-                                                               -------
! SUMMARY-  Total                                                           2062
! INFO-      
! INFO-     User interface/default file
! INFO-     Bspline aprx. value in effect for this translation : 6.451600e-01 mm
! INFO-      
! INFO-     Total number of solids input for this translation  :       1
! INFO-      
! INFO-     Number of solids processed without problems        :       1
! INFO-      
! INFO-     Number of solids with problems output as sheets    :       0
! INFO-      
! INFO-     Number of solids not processed                     :       0
! INFO-      
! INFO-     End of Translation: 11-FEB-2023  1:30:31 PM
! INFO-      
